{"D:\\zsytssk\\other\\test\\puppeteer\\utils\\puppeteer.ts": {"path":"D:\\zsytssk\\other\\test\\puppeteer\\utils\\puppeteer.ts","statementMap":{"0":{"start":{"line":1,"column":0},"end":{"line":1,"column":38}},"1":{"start":{"line":6,"column":2},"end":{"line":8,"column":5}},"2":{"start":{"line":9,"column":2},"end":{"line":9,"column":33}},"3":{"start":{"line":10,"column":2},"end":{"line":10,"column":23}},"4":{"start":{"line":11,"column":2},"end":{"line":14,"column":5}},"5":{"start":{"line":5,"column":0},"end":{"line":15,"column":1}},"6":{"start":{"line":18,"column":2},"end":{"line":18,"column":60}},"7":{"start":{"line":17,"column":0},"end":{"line":19,"column":1}},"8":{"start":{"line":22,"column":2},"end":{"line":22,"column":14}},"9":{"start":{"line":21,"column":0},"end":{"line":23,"column":1}},"10":{"start":{"line":26,"column":2},"end":{"line":26,"column":18}},"11":{"start":{"line":27,"column":2},"end":{"line":27,"column":22}},"12":{"start":{"line":28,"column":2},"end":{"line":28,"column":19}},"13":{"start":{"line":25,"column":0},"end":{"line":29,"column":1}}},"fnMap":{"0":{"name":"gotoPage","decl":{"start":{"line":5,"column":12},"end":{"line":5,"column":30}},"loc":{"start":{"line":5,"column":34},"end":{"line":15,"column":1}}},"1":{"name":"screenshot","decl":{"start":{"line":17,"column":12},"end":{"line":17,"column":32}},"loc":{"start":{"line":17,"column":41},"end":{"line":19,"column":1}}},"2":{"name":"getPage","decl":{"start":{"line":21,"column":0},"end":{"line":null,"column":-1}},"loc":{"start":{"line":21,"column":0},"end":{"line":23,"column":1}}},"3":{"name":"closePage","decl":{"start":{"line":25,"column":12},"end":{"line":null,"column":-1}},"loc":{"start":{"line":25,"column":12},"end":{"line":29,"column":1}}}},"branchMap":{},"s":{"0":1,"1":1,"2":1,"3":1,"4":1,"5":1,"6":0,"7":1,"8":1,"9":1,"10":0,"11":0,"12":0,"13":1},"f":{"0":1,"1":0,"2":1,"3":0},"b":{}}
}
